2025-02-27 10:13:28,004 [Worker-7: Loading available Gradle versions] INFO  o.e.b.c.i.u.g.PublishedGradleVersions - Gradle version information cache is not available. Remote download required.
2025-02-27 10:14:14,063 [Worker-3: Importing Maven projects] INFO  o.e.m.c.i.l.LifecycleMappingFactory - Using org.eclipse.m2e.jdt.JarLifecycleMapping lifecycle mapping for MavenProject: com.example:apiGateway:0.0.1-SNAPSHOT @ C:\Users\p291\OneDrive - Capgemini\Desktop\PROJECTS\FinalProjectWithout security\apiGateway\pom.xml.
2025-02-27 10:14:15,881 [Worker-3: Importing Maven projects] INFO  o.e.m.c.i.l.LifecycleMappingFactory - Using org.eclipse.m2e.jdt.JarLifecycleMapping lifecycle mapping for MavenProject: com.example:cartservice:0.0.1-SNAPSHOT @ C:\Users\p291\OneDrive - Capgemini\Desktop\PROJECTS\FinalProjectWithout security\cartservice\pom.xml.
2025-02-27 10:14:17,011 [Worker-3: Importing Maven projects] INFO  o.e.m.c.i.p.WorkspaceClassifierResolverManager - Resolving P/productservice: com.example:productservice:0.0.1-SNAPSHOT with classifier  to /productservice/target/classes
2025-02-27 10:14:17,013 [Worker-3: Importing Maven projects] INFO  o.e.m.c.i.p.WorkspaceClassifierResolverManager - Resolving P/user-service: com.example:user-service:0.0.1-SNAPSHOT with classifier  to /user-service/target/classes
2025-02-27 10:14:17,200 [Worker-3: Importing Maven projects] INFO  o.e.m.c.i.l.LifecycleMappingFactory - Using org.eclipse.m2e.jdt.JarLifecycleMapping lifecycle mapping for MavenProject: com.example:EurekaServer:0.0.1-SNAPSHOT @ C:\Users\p291\OneDrive - Capgemini\Desktop\PROJECTS\FinalProjectWithout security\EurekaServer\pom.xml.
2025-02-27 10:14:17,760 [Worker-3: Importing Maven projects] INFO  o.e.m.c.i.l.LifecycleMappingFactory - Using org.eclipse.m2e.jdt.JarLifecycleMapping lifecycle mapping for MavenProject: com.example:OrderService:0.0.1-SNAPSHOT @ C:\Users\p291\OneDrive - Capgemini\Desktop\PROJECTS\FinalProjectWithout security\OrderService\pom.xml.
2025-02-27 10:14:17,875 [Worker-3: Importing Maven projects] INFO  o.e.m.c.i.p.WorkspaceClassifierResolverManager - Resolving P/productservice: com.example:productservice:0.0.1-SNAPSHOT with classifier  to /productservice/target/classes
2025-02-27 10:14:17,875 [Worker-3: Importing Maven projects] INFO  o.e.m.c.i.p.WorkspaceClassifierResolverManager - Resolving P/cartservice: com.example:cartservice:0.0.1-SNAPSHOT with classifier  to /cartservice/target/classes
2025-02-27 10:14:17,875 [Worker-3: Importing Maven projects] INFO  o.e.m.c.i.p.WorkspaceClassifierResolverManager - Resolving P/user-service: com.example:user-service:0.0.1-SNAPSHOT with classifier  to /user-service/target/classes
2025-02-27 10:14:17,990 [Worker-3: Importing Maven projects] INFO  o.e.m.c.i.l.LifecycleMappingFactory - Using org.eclipse.m2e.jdt.JarLifecycleMapping lifecycle mapping for MavenProject: com.example:productservice:0.0.1-SNAPSHOT @ C:\Users\p291\OneDrive - Capgemini\Desktop\PROJECTS\FinalProjectWithout security\productservice\pom.xml.
2025-02-27 10:14:18,519 [Worker-3: Importing Maven projects] INFO  o.e.m.c.i.l.LifecycleMappingFactory - Using org.eclipse.m2e.jdt.JarLifecycleMapping lifecycle mapping for MavenProject: com.example:user-service:0.0.1-SNAPSHOT @ C:\Users\p291\OneDrive - Capgemini\Desktop\PROJECTS\FinalProjectWithout security\user-service\pom.xml.
2025-02-27 10:14:19,084 [Worker-3: Importing Maven projects] INFO  o.e.m.c.i.l.LifecycleMappingFactory - Using org.eclipse.m2e.jdt.JarLifecycleMapping lifecycle mapping for MavenProject: com.example:OrderService:0.0.1-SNAPSHOT @ C:\Users\p291\OneDrive - Capgemini\Desktop\PROJECTS\FinalProjectWithout security\OrderService\pom.xml.
2025-02-27 10:14:19,176 [Worker-3: Importing Maven projects] INFO  o.e.m.c.i.p.WorkspaceClassifierResolverManager - Resolving P/productservice: com.example:productservice:0.0.1-SNAPSHOT with classifier  to /productservice/target/classes
2025-02-27 10:14:19,176 [Worker-3: Importing Maven projects] INFO  o.e.m.c.i.p.WorkspaceClassifierResolverManager - Resolving P/cartservice: com.example:cartservice:0.0.1-SNAPSHOT with classifier  to /cartservice/target/classes
2025-02-27 10:14:19,177 [Worker-3: Importing Maven projects] INFO  o.e.m.c.i.p.WorkspaceClassifierResolverManager - Resolving P/user-service: com.example:user-service:0.0.1-SNAPSHOT with classifier  to /user-service/target/classes
2025-02-27 10:14:19,275 [Worker-3: Importing Maven projects] INFO  o.e.m.c.i.l.LifecycleMappingFactory - Using org.eclipse.m2e.jdt.JarLifecycleMapping lifecycle mapping for MavenProject: com.example:cartservice:0.0.1-SNAPSHOT @ C:\Users\p291\OneDrive - Capgemini\Desktop\PROJECTS\FinalProjectWithout security\cartservice\pom.xml.
2025-02-27 10:14:19,352 [Worker-3: Importing Maven projects] INFO  o.e.m.c.i.p.WorkspaceClassifierResolverManager - Resolving P/productservice: com.example:productservice:0.0.1-SNAPSHOT with classifier  to /productservice/target/classes
2025-02-27 10:14:19,352 [Worker-3: Importing Maven projects] INFO  o.e.m.c.i.p.WorkspaceClassifierResolverManager - Resolving P/user-service: com.example:user-service:0.0.1-SNAPSHOT with classifier  to /user-service/target/classes
2025-02-27 10:14:19,424 [Worker-3: Importing Maven projects] INFO  o.e.m.c.i.l.LifecycleMappingFactory - Using org.eclipse.m2e.jdt.JarLifecycleMapping lifecycle mapping for MavenProject: com.example:OrderService:0.0.1-SNAPSHOT @ C:\Users\p291\OneDrive - Capgemini\Desktop\PROJECTS\FinalProjectWithout security\OrderService\pom.xml.
2025-02-27 10:14:19,511 [Worker-3: Importing Maven projects] INFO  o.e.m.c.i.p.WorkspaceClassifierResolverManager - Resolving P/productservice: com.example:productservice:0.0.1-SNAPSHOT with classifier  to /productservice/target/classes
2025-02-27 10:14:19,511 [Worker-3: Importing Maven projects] INFO  o.e.m.c.i.p.WorkspaceClassifierResolverManager - Resolving P/cartservice: com.example:cartservice:0.0.1-SNAPSHOT with classifier  to /cartservice/target/classes
2025-02-27 10:14:19,511 [Worker-3: Importing Maven projects] INFO  o.e.m.c.i.p.WorkspaceClassifierResolverManager - Resolving P/user-service: com.example:user-service:0.0.1-SNAPSHOT with classifier  to /user-service/target/classes
2025-02-27 10:14:23,990 [Worker-3: Importing Maven projects] INFO  o.e.m.j.i.AbstractJavaProjectConfigurator - Adding source folder /apiGateway/src/main/java
2025-02-27 10:14:23,993 [Worker-3: Importing Maven projects] INFO  o.e.m.j.i.AbstractJavaProjectConfigurator - Adding resource folder /apiGateway/src/main/resources
2025-02-27 10:14:23,994 [Worker-3: Importing Maven projects] INFO  o.e.m.j.i.AbstractJavaProjectConfigurator - Adding resource folder /apiGateway/src/main/resources
2025-02-27 10:14:23,996 [Worker-3: Importing Maven projects] INFO  o.e.m.j.i.AbstractJavaProjectConfigurator - Adding source folder /apiGateway/src/test/java
2025-02-27 10:14:23,998 [Worker-3: Importing Maven projects] INFO  o.e.m.j.i.AbstractJavaProjectConfigurator - Adding resource folder /apiGateway/src/test/resources
2025-02-27 10:14:25,045 [Worker-3: Importing Maven projects] INFO  o.e.m.j.i.AbstractJavaProjectConfigurator - Adding source folder /user-service/src/main/java
2025-02-27 10:14:25,046 [Worker-3: Importing Maven projects] INFO  o.e.m.j.i.AbstractJavaProjectConfigurator - Adding resource folder /user-service/src/main/resources
2025-02-27 10:14:25,047 [Worker-3: Importing Maven projects] INFO  o.e.m.j.i.AbstractJavaProjectConfigurator - Adding resource folder /user-service/src/main/resources
2025-02-27 10:14:25,048 [Worker-3: Importing Maven projects] INFO  o.e.m.j.i.AbstractJavaProjectConfigurator - Adding source folder /user-service/src/test/java
2025-02-27 10:14:25,049 [Worker-3: Importing Maven projects] INFO  o.e.m.j.i.AbstractJavaProjectConfigurator - Adding resource folder /user-service/src/test/resources
2025-02-27 10:14:25,845 [Worker-3: Importing Maven projects] INFO  o.e.m.j.i.AbstractJavaProjectConfigurator - Adding source folder /EurekaServer/src/main/java
2025-02-27 10:14:25,848 [Worker-3: Importing Maven projects] INFO  o.e.m.j.i.AbstractJavaProjectConfigurator - Adding resource folder /EurekaServer/src/main/resources
2025-02-27 10:14:25,850 [Worker-3: Importing Maven projects] INFO  o.e.m.j.i.AbstractJavaProjectConfigurator - Adding resource folder /EurekaServer/src/main/resources
2025-02-27 10:14:25,851 [Worker-3: Importing Maven projects] INFO  o.e.m.j.i.AbstractJavaProjectConfigurator - Adding source folder /EurekaServer/src/test/java
2025-02-27 10:14:25,854 [Worker-3: Importing Maven projects] INFO  o.e.m.j.i.AbstractJavaProjectConfigurator - Adding resource folder /EurekaServer/src/test/resources
2025-02-27 10:14:27,068 [Worker-3: Importing Maven projects] INFO  o.e.m.j.i.AbstractJavaProjectConfigurator - Adding source folder /productservice/src/main/java
2025-02-27 10:14:27,070 [Worker-3: Importing Maven projects] INFO  o.e.m.j.i.AbstractJavaProjectConfigurator - Adding resource folder /productservice/src/main/resources
2025-02-27 10:14:27,072 [Worker-3: Importing Maven projects] INFO  o.e.m.j.i.AbstractJavaProjectConfigurator - Adding resource folder /productservice/src/main/resources
2025-02-27 10:14:27,073 [Worker-3: Importing Maven projects] INFO  o.e.m.j.i.AbstractJavaProjectConfigurator - Adding source folder /productservice/src/test/java
2025-02-27 10:14:27,074 [Worker-3: Importing Maven projects] INFO  o.e.m.j.i.AbstractJavaProjectConfigurator - Adding resource folder /productservice/src/test/resources
2025-02-27 10:14:27,980 [Worker-3: Importing Maven projects] INFO  o.e.m.j.i.AbstractJavaProjectConfigurator - Adding source folder /cartservice/src/main/java
2025-02-27 10:14:27,981 [Worker-3: Importing Maven projects] INFO  o.e.m.j.i.AbstractJavaProjectConfigurator - Adding resource folder /cartservice/src/main/resources
2025-02-27 10:14:27,982 [Worker-3: Importing Maven projects] INFO  o.e.m.j.i.AbstractJavaProjectConfigurator - Adding resource folder /cartservice/src/main/resources
2025-02-27 10:14:27,982 [Worker-3: Importing Maven projects] INFO  o.e.m.j.i.AbstractJavaProjectConfigurator - Adding source folder /cartservice/src/test/java
2025-02-27 10:14:27,983 [Worker-3: Importing Maven projects] INFO  o.e.m.j.i.AbstractJavaProjectConfigurator - Adding resource folder /cartservice/src/test/resources
2025-02-27 10:14:28,904 [Worker-3: Importing Maven projects] INFO  o.e.m.j.i.AbstractJavaProjectConfigurator - Adding source folder /OrderService/src/main/java
2025-02-27 10:14:28,907 [Worker-3: Importing Maven projects] INFO  o.e.m.j.i.AbstractJavaProjectConfigurator - Adding resource folder /OrderService/src/main/resources
2025-02-27 10:14:28,910 [Worker-3: Importing Maven projects] INFO  o.e.m.j.i.AbstractJavaProjectConfigurator - Adding resource folder /OrderService/src/main/resources
2025-02-27 10:14:28,911 [Worker-3: Importing Maven projects] INFO  o.e.m.j.i.AbstractJavaProjectConfigurator - Adding source folder /OrderService/src/test/java
2025-02-27 10:14:28,912 [Worker-3: Importing Maven projects] INFO  o.e.m.j.i.AbstractJavaProjectConfigurator - Adding resource folder /OrderService/src/test/resources
2025-02-27 10:14:29,812 [Worker-3: Importing Maven projects] INFO  o.e.m.c.i.p.ProjectConfigurationManager - Imported and configured 6 project(s) in 23 sec
2025-02-27 10:14:31,866 [Worker-2: Building] INFO  o.a.m.s.f.DefaultMavenResourcesFiltering - Copying 1 resource from src\main\resources to target\classes
2025-02-27 10:14:31,884 [Worker-2: Building] INFO  o.a.m.s.f.DefaultMavenResourcesFiltering - Copying 0 resource from src\main\resources to target\classes
2025-02-27 10:14:31,893 [Worker-2: Building] INFO  o.a.m.s.f.DefaultMavenResourcesFiltering - skip non existing resourceDirectory C:\Users\p291\OneDrive - Capgemini\Desktop\PROJECTS\FinalProjectWithout security\EurekaServer\src\test\resources
2025-02-27 10:14:33,059 [Worker-2: Building] INFO  o.a.m.s.f.DefaultMavenResourcesFiltering - Copying 2 resources from src\main\resources to target\classes
2025-02-27 10:14:33,097 [Worker-2: Building] INFO  o.a.m.s.f.DefaultMavenResourcesFiltering - Copying 0 resource from src\main\resources to target\classes
2025-02-27 10:14:33,106 [Worker-2: Building] INFO  o.a.m.s.f.DefaultMavenResourcesFiltering - skip non existing resourceDirectory C:\Users\p291\OneDrive - Capgemini\Desktop\PROJECTS\FinalProjectWithout security\apiGateway\src\test\resources
2025-02-27 10:14:34,265 [Worker-2: Building] INFO  o.a.m.s.f.DefaultMavenResourcesFiltering - Copying 1 resource from src\main\resources to target\classes
2025-02-27 10:14:34,296 [Worker-2: Building] INFO  o.a.m.s.f.DefaultMavenResourcesFiltering - Copying 0 resource from src\main\resources to target\classes
2025-02-27 10:14:34,304 [Worker-2: Building] INFO  o.a.m.s.f.DefaultMavenResourcesFiltering - skip non existing resourceDirectory C:\Users\p291\OneDrive - Capgemini\Desktop\PROJECTS\FinalProjectWithout security\productservice\src\test\resources
2025-02-27 10:14:35,264 [Worker-2: Building] INFO  o.a.m.s.f.DefaultMavenResourcesFiltering - Copying 1 resource from src\main\resources to target\classes
2025-02-27 10:14:35,288 [Worker-2: Building] INFO  o.a.m.s.f.DefaultMavenResourcesFiltering - Copying 0 resource from src\main\resources to target\classes
2025-02-27 10:14:35,293 [Worker-2: Building] INFO  o.a.m.s.f.DefaultMavenResourcesFiltering - skip non existing resourceDirectory C:\Users\p291\OneDrive - Capgemini\Desktop\PROJECTS\FinalProjectWithout security\user-service\src\test\resources
2025-02-27 10:14:36,586 [Worker-2: Building] INFO  o.a.m.s.f.DefaultMavenResourcesFiltering - Copying 1 resource from src\main\resources to target\classes
2025-02-27 10:14:36,607 [Worker-2: Building] INFO  o.a.m.s.f.DefaultMavenResourcesFiltering - Copying 0 resource from src\main\resources to target\classes
2025-02-27 10:14:36,611 [Worker-2: Building] INFO  o.a.m.s.f.DefaultMavenResourcesFiltering - skip non existing resourceDirectory C:\Users\p291\OneDrive - Capgemini\Desktop\PROJECTS\FinalProjectWithout security\cartservice\src\test\resources
2025-02-27 10:14:37,281 [Worker-2: Building] INFO  o.a.m.s.f.DefaultMavenResourcesFiltering - Copying 1 resource from src\main\resources to target\classes
2025-02-27 10:14:37,319 [Worker-2: Building] INFO  o.a.m.s.f.DefaultMavenResourcesFiltering - Copying 0 resource from src\main\resources to target\classes
2025-02-27 10:14:37,327 [Worker-2: Building] INFO  o.a.m.s.f.DefaultMavenResourcesFiltering - skip non existing resourceDirectory C:\Users\p291\OneDrive - Capgemini\Desktop\PROJECTS\FinalProjectWithout security\OrderService\src\test\resources
